#
# A fatal error has been detected by the Java Runtime Environment:
#
#  Internal Error (os_windows_x86.cpp:114), pid=1572, tid=1644
#  Error: guarantee(result == -1,"Unexpected result from topLevelExceptionFilter")
#
# JRE version: 6.0_17-b04
# Java VM: Java HotSpot(TM) 64-Bit Server VM (14.3-b01 mixed mode windows-amd64 )
# If you would like to submit a bug report, please visit:
#   http://java.sun.com/webapps/bugreport/crash.jsp
# The crash happened outside the Java Virtual Machine in native code.
# See problematic frame for where to report the bug.
#

---------------  T H R E A D  ---------------

Current thread (0x0000000005aa7000):  JavaThread "main" [_thread_in_native, id=1644, stack(0x00000000001a0000,0x00000000041a0000)]

Stack: [0x00000000001a0000,0x00000000041a0000]
[error occurred during error reporting (printing stack bounds), id 0xc0000005]

Java frames: (J=compiled Java code, j=interpreted, Vv=VM code)
j  com.mathworks.jmi.NativeMatlab.ProcessPendingEvents()Z+0
j  com.mathworks.jmi.NativeMatlab.processPendingEvents()Z+8
j  com.mathworks.jmi.Matlab$ProcessPendingEvents.callBooleanMethod(Ljava/lang/Object;)Z+0
j  com.mathworks.util.FactoryUtils.processPendingEvents()Z+12
j  com.mathworks.mde.desk.MLDesktop.canClose()Z+84
j  com.mathworks.mde.desk.MLDesktop$2.call()Ljava/lang/Boolean;+4
j  com.mathworks.mde.desk.MLDesktop$2.call()Ljava/lang/Object;+1
j  com.mathworks.jmi.Matlab.isOkToExit()Z+54
v  ~StubRoutines::call_stub
j  com.mathworks.jmi.NativeMatlab.SendMatlabMessage(Ljava/lang/Object;)Ljava/lang/Object;+0
j  com.mathworks.jmi.NativeMatlab.sendMatlabMessage(Ljava/lang/Object;)Ljava/lang/Object;+22
j  com.mathworks.jmi.MatlabLooper.sendMatlabMessage(Lcom/mathworks/services/message/MWMessage;)Ljava/lang/Object;+20
j  com.mathworks.jmi.Matlab.mtFevalConsoleOutput(Ljava/lang/String;[Ljava/lang/Object;I)Ljava/lang/Object;+58
j  com.mathworks.mde.desk.MLDesktop$8.run()V+14
j  com.mathworks.jmi.NativeMatlab.dispatchMTRequests(Z)V+57
v  ~StubRoutines::call_stub

---------------  P R O C E S S  ---------------

Java Threads: ( => current thread )
  0x000000000f918000 JavaThread "Timer-56" daemon [_thread_blocked, id=3268, stack(0x0000000027640000,0x00000000276c0000)]
  0x000000000f911800 JavaThread "Main message loop" daemon [_thread_in_native, id=4124, stack(0x0000000028960000,0x00000000289e0000)]
  0x000000000f915000 JavaThread "com.jniwrapper.NativeResourceCollector" daemon [_thread_blocked, id=6956, stack(0x00000000287b0000,0x0000000028830000)]
  0x000000000f913800 JavaThread "Timer-InstrumentReadWritePoll" [_thread_blocked, id=4180, stack(0x00000000257f0000,0x0000000025870000)]
  0x000000000f912000 JavaThread "Swing-Shell" daemon [_thread_blocked, id=7416, stack(0x0000000025b80000,0x0000000025c00000)]
  0x000000000f82d800 JavaThread "Code Analyzer updating thread" [_thread_blocked, id=8144, stack(0x0000000058a70000,0x0000000058af0000)]
  0x000000000f82c800 JavaThread "Code Analyzer updating thread" [_thread_blocked, id=1832, stack(0x0000000058810000,0x0000000058890000)]
  0x000000000f82c000 JavaThread "Code Analyzer updating thread" [_thread_blocked, id=7184, stack(0x0000000058720000,0x00000000587a0000)]
  0x000000000f82b800 JavaThread "Code Analyzer updating thread" [_thread_blocked, id=7932, stack(0x00000000585b0000,0x0000000058630000)]
  0x000000000f82a800 JavaThread "Code Analyzer updating thread" [_thread_blocked, id=7920, stack(0x0000000055180000,0x0000000055200000)]
  0x000000000f82a000 JavaThread "Code Analyzer updating thread" [_thread_blocked, id=8136, stack(0x0000000058690000,0x0000000058710000)]
  0x000000000f827800 JavaThread "Code Analyzer updating thread" [_thread_blocked, id=4884, stack(0x000000004ce50000,0x000000004ced0000)]
  0x000000000f825800 JavaThread "Active Reference Queue Daemon" daemon [_thread_blocked, id=7908, stack(0x0000000058950000,0x00000000589d0000)]
  0x000000000f822800 JavaThread "Timer-10" daemon [_thread_blocked, id=7904, stack(0x0000000040ae0000,0x0000000040b60000)]
  0x000000000f828800 JavaThread "Timer-9" daemon [_thread_blocked, id=7284, stack(0x0000000015000000,0x0000000015080000)]
  0x000000000f826000 JavaThread "Explorer NavigationContext request queue" [_thread_blocked, id=8100, stack(0x000000001d300000,0x000000001d380000)]
  0x000000000f824000 JavaThread "AddressBar directory emptiness poller" [_thread_blocked, id=7320, stack(0x0000000044c60000,0x0000000044ce0000)]
  0x000000000f822000 JavaThread "Explorer Refresh Service 1620729172" [_thread_blocked, id=3592, stack(0x0000000057670000,0x00000000576f0000)]
  0x000000000f821000 JavaThread "Timer-1" daemon [_thread_blocked, id=1244, stack(0x0000000021480000,0x0000000021500000)]
  0x000000000f820800 JavaThread "TimerQueue" daemon [_thread_blocked, id=5224, stack(0x0000000025640000,0x00000000256c0000)]
  0x000000000f81f800 JavaThread "AWT-EventQueue-0" [_thread_blocked, id=5160, stack(0x0000000008690000,0x0000000008710000)]
  0x000000000f81f000 JavaThread "AWT-Shutdown" [_thread_blocked, id=5156, stack(0x00000000087a0000,0x0000000008820000)]
  0x000000000f81e800 JavaThread "Thread-5" daemon [_thread_blocked, id=4692, stack(0x00000000088b0000,0x0000000008930000)]
  0x000000000f6dc000 JavaThread "FelixPackageAdmin" daemon [_thread_blocked, id=1072, stack(0x0000000015080000,0x0000000015100000)]
  0x000000000e9d9800 JavaThread "FelixStartLevel" daemon [_thread_blocked, id=4480, stack(0x0000000008940000,0x00000000089c0000)]
  0x000000000f717000 JavaThread "FelixDispatchQueue" daemon [_thread_blocked, id=2012, stack(0x0000000008830000,0x00000000088b0000)]
  0x000000000f5a0000 JavaThread "com.google.common.base.internal.Finalizer" daemon [_thread_blocked, id=2116, stack(0x0000000021550000,0x00000000215d0000)]
  0x000000000f531800 JavaThread "AWT-Windows" daemon [_thread_in_native, id=2924, stack(0x000000000e170000,0x000000000e1f0000)]
  0x000000000de26000 JavaThread "Java2D Disposer" daemon [_thread_blocked, id=896, stack(0x0000000019130000,0x00000000191b0000)]
  0x000000000f146000 JavaThread "Timer-0" [_thread_blocked, id=688, stack(0x000000000cf80000,0x000000000d000000)]
  0x000000000f0a9000 JavaThread "EventMgr Dispatcher" daemon [_thread_in_native, id=4904, stack(0x0000000008c80000,0x000000000cc80000)]
  0x000000000de84000 JavaThread "Low Memory Detector" daemon [_thread_blocked, id=1828, stack(0x000000000e300000,0x000000000e380000)]
  0x000000000de82800 JavaThread "CompilerThread1" daemon [_thread_blocked, id=1920, stack(0x0000000065430000,0x0000000069430000)]
  0x000000000de71800 JavaThread "CompilerThread0" daemon [_thread_blocked, id=2640, stack(0x000000005e220000,0x0000000062220000)]
  0x000000000de70000 JavaThread "Attach Listener" daemon [_thread_blocked, id=2356, stack(0x000000000e220000,0x000000000e2a0000)]
  0x000000000de1b800 JavaThread "Finalizer" daemon [_thread_blocked, id=1836, stack(0x000000000df70000,0x000000000dff0000)]
  0x000000000de15000 JavaThread "Reference Handler" daemon [_thread_blocked, id=3700, stack(0x000000000e0e0000,0x000000000e160000)]
=>0x0000000005aa7000 JavaThread "main" [_thread_in_native, id=1644, stack(0x00000000001a0000,0x00000000041a0000)]

Other Threads:
  0x000000000de11800 VMThread [stack: 0x00000000510b0000,0x00000000550b0000] [id=1764]
  0x000000000deaf800 WatcherThread [stack: 0x000000006ab10000,0x000000006eb10000] [id=2996]

VM state:not at safepoint (normal execution)

VM Mutex/Monitor currently owned by a thread: None

Heap
 PSYoungGen      total 21440K, used 13799K [0x000000003d9e0000, 0x0000000040660000, 0x0000000040ae0000)
  eden space 21376K, 64% used [0x000000003d9e0000,0x000000003e749e20,0x000000003eec0000)
  from space 64K, 100% used [0x0000000040650000,0x0000000040660000,0x0000000040660000)
  to   space 128K, 0% used [0x0000000040620000,0x0000000040620000,0x0000000040640000)
 PSOldGen        total 80576K, used 72329K [0x00000000346e0000, 0x0000000039590000, 0x000000003d9e0000)
  object space 80576K, 89% used [0x00000000346e0000,0x0000000038d824e0,0x0000000039590000)
 PSPermGen       total 131072K, used 78579K [0x000000002c6e0000, 0x00000000346e0000, 0x00000000346e0000)
  object space 131072K, 59% used [0x000000002c6e0000,0x000000003139cfd0,0x00000000346e0000)

Dynamic libraries:
0x000000013f400000 - 0x000000013f42d000 	C:\Program Files\MATLAB\R2012b\bin\win64\MATLAB.exe
0x0000000076e50000 - 0x0000000076ffa000 	C:\Windows\SYSTEM32\ntdll.dll
0x0000000076d30000 - 0x0000000076e4f000 	C:\Windows\system32\kernel32.dll
0x000007fefcec0000 - 0x000007fefcf2a000 	C:\Windows\system32\KERNELBASE.dll
0x0000000074460000 - 0x000000007451f000 	C:\Program Files\MATLAB\R2012b\bin\win64\libut.dll
0x00000000758a0000 - 0x000000007595c000 	C:\Program Files\MATLAB\R2012b\bin\win64\libmwi18n.dll
0x0000000180000000 - 0x000000018000b000 	C:\Program Files\MATLAB\R2012b\bin\win64\libmwresource_core.dll
0x0000000058fd0000 - 0x00000000590a3000 	C:\Windows\WinSxS\amd64_microsoft.vc90.crt_1fc8b3b9a1e18e3b_9.0.30729.6161_none_08e61857a83bc251\MSVCP90.dll
0x00000000590b0000 - 0x0000000059153000 	C:\Windows\WinSxS\amd64_microsoft.vc90.crt_1fc8b3b9a1e18e3b_9.0.30729.6161_none_08e61857a83bc251\MSVCR90.dll
0x000000007a170000 - 0x000000007a19c000 	C:\Program Files\MATLAB\R2012b\bin\win64\boost_filesystem-vc90-mt-1_44.dll
0x000000007a560000 - 0x000000007a569000 	C:\Program Files\MATLAB\R2012b\bin\win64\boost_system-vc90-mt-1_44.dll
0x000007fefe410000 - 0x000007fefe4eb000 	C:\Windows\system32\ADVAPI32.dll
0x000007fefe7b0000 - 0x000007fefe84f000 	C:\Windows\system32\msvcrt.dll
0x000007fefded0000 - 0x000007fefdeef000 	C:\Windows\SYSTEM32\sechost.dll
0x000007feff030000 - 0x000007feff15d000 	C:\Windows\system32\RPCRT4.dll
0x000000007a010000 - 0x000000007a035000 	C:\Program Files\MATLAB\R2012b\bin\win64\LIBEXPAT.dll
0x0000000057e60000 - 0x0000000058051000 	C:\Program Files\MATLAB\R2012b\bin\win64\icuin44.dll
0x00000000580e0000 - 0x0000000058251000 	C:\Program Files\MATLAB\R2012b\bin\win64\icuuc44.dll
0x0000000010000000 - 0x0000000010e41000 	C:\Program Files\MATLAB\R2012b\bin\win64\icudt44.dll
0x0000000073f70000 - 0x000000007411d000 	C:\Program Files\MATLAB\R2012b\bin\win64\libmwfl.dll
0x0000000004250000 - 0x0000000004606000 	C:\Program Files\MATLAB\R2012b\bin\win64\libmwMATLAB_res.dll
0x000000007a3b0000 - 0x000000007a3c0000 	C:\Program Files\MATLAB\R2012b\bin\win64\boost_date_time-vc90-mt-1_44.dll
0x000000007a250000 - 0x000000007a263000 	C:\Program Files\MATLAB\R2012b\bin\win64\boost_signals-vc90-mt-1_44.dll
0x000000007a2d0000 - 0x000000007a2e2000 	C:\Program Files\MATLAB\R2012b\bin\win64\boost_thread-vc90-mt-1_44.dll
0x0000000004650000 - 0x000000000470d000 	C:\Program Files\MATLAB\R2012b\bin\win64\boost_log-vc90-mt-1_44.dll
0x0000000077020000 - 0x0000000077027000 	C:\Windows\system32\PSAPI.DLL
0x000007fefe3c0000 - 0x000007fefe40d000 	C:\Windows\system32\WS2_32.dll
0x000007fefdec0000 - 0x000007fefdec8000 	C:\Windows\system32\NSI.dll
0x0000000004720000 - 0x0000000004766000 	C:\Program Files\MATLAB\R2012b\bin\win64\tbb.dll
0x000007fefed30000 - 0x000007fefed49000 	C:\Windows\system32\imagehlp.dll
0x00000000652e0000 - 0x00000000652f3000 	C:\Program Files\MATLAB\R2012b\bin\win64\icuio44.dll
0x000007fef4dd0000 - 0x000007fef4ef5000 	C:\Windows\system32\dbghelp.dll
0x0000000076c30000 - 0x0000000076d2a000 	C:\Windows\system32\USER32.dll
0x000007fefd020000 - 0x000007fefd087000 	C:\Windows\system32\GDI32.dll
0x000007fefe5c0000 - 0x000007fefe5ce000 	C:\Windows\system32\LPK.dll
0x000007fefef60000 - 0x000007feff02a000 	C:\Windows\system32\USP10.dll
0x0000000004790000 - 0x0000000004a6c000 	C:\Program Files\MATLAB\R2012b\bin\win64\libmwservices.dll
0x0000000075a20000 - 0x0000000075af3000 	C:\Program Files\MATLAB\R2012b\bin\win64\libmx.dll
0x0000000004a90000 - 0x0000000004ab9000 	C:\Program Files\MATLAB\R2012b\bin\win64\tbbmalloc.dll
0x000000007a210000 - 0x000000007a228000 	C:\Program Files\MATLAB\R2012b\bin\win64\zlib1.dll
0x0000000004ae0000 - 0x0000000004b2d000 	C:\Program Files\MATLAB\R2012b\bin\win64\libmwregexp.dll
0x0000000004b40000 - 0x0000000004b63000 	C:\Program Files\MATLAB\R2012b\bin\win64\libmwmfl_scalar.dll
0x0000000075f10000 - 0x0000000075f60000 	C:\Program Files\MATLAB\R2012b\bin\win64\mpath.dll
0x000000007b680000 - 0x000000007bc9a000 	C:\Program Files\MATLAB\R2012b\bin\win64\mlutil.dll
0x00000000754d0000 - 0x0000000075551000 	C:\Program Files\MATLAB\R2012b\bin\win64\xmlcore.dll
0x0000000004bb0000 - 0x0000000004e03000 	C:\Program Files\MATLAB\R2012b\bin\win64\xerces-c_2_7.dll
0x0000000004e20000 - 0x0000000004e40000 	C:\Program Files\MATLAB\R2012b\bin\win64\libmwMATLAB_settings_res.dll
0x0000000004e50000 - 0x0000000004e60000 	C:\Program Files\MATLAB\R2012b\bin\win64\boost_iostreams-vc90-mt-1_44.dll
0x0000000004e70000 - 0x0000000004eb7000 	C:\Program Files\MATLAB\R2012b\bin\win64\boost_serialization-vc90-mt-1_44.dll
0x000007fefd090000 - 0x000007fefde1a000 	C:\Windows\system32\SHELL32.dll
0x000007fefe850000 - 0x000007fefe8c1000 	C:\Windows\system32\SHLWAPI.dll
0x000007fef7d50000 - 0x000007fef7df0000 	C:\Windows\WinSxS\amd64_microsoft.windows.common-controls_6595b64144ccf1df_5.82.7601.18837_none_a4d981ff711297b6\COMCTL32.dll
0x000007fefe4f0000 - 0x000007fefe587000 	C:\Windows\system32\COMDLG32.dll
0x000007fefaa90000 - 0x000007fefaaa6000 	C:\Windows\system32\NETAPI32.dll
0x000007fefaa80000 - 0x000007fefaa8c000 	C:\Windows\system32\netutils.dll
0x000007fefc8b0000 - 0x000007fefc8d3000 	C:\Windows\system32\srvcli.dll
0x000007fefaa60000 - 0x000007fefaa75000 	C:\Windows\system32\wkscli.dll
0x000007fefed50000 - 0x000007fefef53000 	C:\Windows\system32\ole32.dll
0x000007fefdef0000 - 0x000007fefdfca000 	C:\Windows\system32\OLEAUT32.dll
0x0000000074970000 - 0x0000000074a31000 	C:\Program Files\MATLAB\R2012b\bin\win64\mcr.dll
0x0000000075000000 - 0x00000000753e9000 	C:\Program Files\MATLAB\R2012b\bin\win64\iqm.dll
0x0000000074e80000 - 0x0000000074f38000 	C:\Program Files\MATLAB\R2012b\bin\win64\m_dispatcher.dll
0x0000000074880000 - 0x000000007496d000 	C:\Program Files\MATLAB\R2012b\bin\win64\boost_regex-vc90-mt-1_44.dll
0x000007feeb7b0000 - 0x000007feec021000 	C:\Program Files\MATLAB\R2012b\bin\win64\m_interpreter.dll
0x00000000652b0000 - 0x00000000652d7000 	C:\Program Files\MATLAB\R2012b\bin\win64\libmex.dll
0x0000000057dd0000 - 0x0000000057e54000 	C:\Program Files\MATLAB\R2012b\bin\win64\profiler.dll
0x0000000004f40000 - 0x00000000051aa000 	C:\Program Files\MATLAB\R2012b\bin\win64\libmwmathutil.dll
0x0000000079f40000 - 0x0000000079f6e000 	C:\Program Files\MATLAB\R2012b\bin\win64\libmwmathrng.dll
0x00000000051d0000 - 0x00000000051e2000 	C:\Program Files\MATLAB\R2012b\bin\win64\libmwmfl_rng.dll
0x0000000074c10000 - 0x0000000074cee000 	C:\Program Files\MATLAB\R2012b\bin\win64\libmwmathcore.dll
0x0000000076160000 - 0x00000000761ca000 	C:\Program Files\MATLAB\R2012b\bin\win64\libmwspmatrix.dll
0x0000000075ea0000 - 0x0000000075f02000 	C:\Program Files\MATLAB\R2012b\bin\win64\libmwcholmod.dll
0x000000007a460000 - 0x000000007a46d000 	C:\Program Files\MATLAB\R2012b\bin\win64\libmwamd.dll
0x000000007a4b0000 - 0x000000007a4bc000 	C:\Program Files\MATLAB\R2012b\bin\win64\libmwcolamd.dll
0x000000007a290000 - 0x000000007a2a9000 	C:\Program Files\MATLAB\R2012b\bin\win64\libmwblas.dll
0x000000007a310000 - 0x000000007a321000 	C:\Program Files\MATLAB\R2012b\bin\win64\libmwbinder.dll
0x000000007a4d0000 - 0x000000007a4dc000 	C:\Program Files\MATLAB\R2012b\bin\win64\libmwompwrapper.dll
0x0000000005280000 - 0x0000000005305000 	C:\Program Files\MATLAB\R2012b\bin\win64\libmwlapack.dll
0x0000000065280000 - 0x00000000652a1000 	C:\Program Files\MATLAB\R2012b\bin\win64\m_pcodeio.dll
0x0000000079b10000 - 0x0000000079b77000 	C:\Program Files\MATLAB\R2012b\bin\win64\m_ir.dll
0x00000000565a0000 - 0x0000000056c10000 	C:\Program Files\MATLAB\R2012b\bin\win64\m_parser.dll
0x0000000065300000 - 0x000000006531a000 	C:\Program Files\MATLAB\R2012b\bin\win64\ir_xfmr.dll
0x000007feec610000 - 0x000007feec8a6000 	C:\Program Files\MATLAB\R2012b\bin\win64\mcos.dll
0x000000005e1f0000 - 0x000000005e201000 	C:\Program Files\MATLAB\R2012b\bin\win64\mtok.dll
0x000000005e1b0000 - 0x000000005e1e1000 	C:\Program Files\MATLAB\R2012b\bin\win64\m_pcodegen.dll
0x0000000079fb0000 - 0x0000000079fe6000 	C:\Program Files\MATLAB\R2012b\bin\win64\libmwbridge.dll
0x0000000057d00000 - 0x0000000057dc8000 	C:\Program Files\MATLAB\R2012b\bin\win64\udd.dll
0x0000000057ba0000 - 0x0000000057cf2000 	C:\Program Files\MATLAB\R2012b\bin\win64\libmwgui.dll
0x0000000065260000 - 0x0000000065277000 	C:\Program Files\MATLAB\R2012b\bin\win64\graphics_util.dll
0x0000000055b40000 - 0x000000005659f000 	C:\Program Files\MATLAB\R2012b\bin\win64\hg.dll
0x00000000053e0000 - 0x0000000005448000 	C:\Program Files\MATLAB\R2012b\bin\win64\libmat.dll
0x0000000072d30000 - 0x0000000072f44000 	C:\Program Files\MATLAB\R2012b\bin\win64\hdf5dll.dll
0x0000000075710000 - 0x00000000757de000 	C:\Program Files\MATLAB\R2012b\bin\win64\jmi.dll
0x0000000005480000 - 0x000000000548d000 	C:\Program Files\MATLAB\R2012b\bin\win64\nativejava_services.dll
0x0000000059250000 - 0x0000000059296000 	C:\Program Files\MATLAB\R2012b\bin\win64\libmwhardcopy.dll
0x0000000058070000 - 0x00000000580d3000 	C:\Program Files\MATLAB\R2012b\bin\win64\libuij.dll
0x0000000057930000 - 0x0000000057b94000 	C:\Program Files\MATLAB\R2012b\bin\win64\hgdatatypes.dll
0x0000000055a20000 - 0x0000000055b3f000 	C:\Program Files\MATLAB\R2012b\bin\win64\hgutils.dll
0x0000000057870000 - 0x0000000057930000 	C:\Program Files\MATLAB\R2012b\bin\win64\udd_mi.dll
0x00000000054f0000 - 0x000000000552b000 	C:\Program Files\MATLAB\R2012b\bin\win64\libmwgbtutils.dll
0x0000000005540000 - 0x000000000555b000 	C:\Program Files\MATLAB\R2012b\bin\win64\libmwgbt.dll
0x0000000005570000 - 0x0000000005841000 	C:\Program Files\MATLAB\R2012b\bin\win64\uiw.dll
0x000000005c7d0000 - 0x000000005c7df000 	C:\Program Files\MATLAB\R2012b\bin\win64\uinone.dll
0x0000000005870000 - 0x0000000005899000 	C:\Program Files\MATLAB\R2012b\bin\win64\libmwnativefiledialogs.dll
0x00000000058b0000 - 0x00000000058b8000 	C:\Program Files\MATLAB\R2012b\bin\win64\libmwplatform_res.dll
0x000007fef7e50000 - 0x000007fef7e68000 	C:\Windows\system32\MPR.dll
0x0000000055530000 - 0x0000000055a14000 	C:\Windows\WinSxS\amd64_microsoft.vc90.mfc_1fc8b3b9a1e18e3b_9.0.30729.6161_none_044aad0bab1eb146\mfc90.dll
0x000007fef9450000 - 0x000007fef9457000 	C:\Windows\system32\MSIMG32.dll
0x000007fef7750000 - 0x000007fef77c1000 	C:\Windows\system32\WINSPOOL.DRV
0x0000000059220000 - 0x0000000059242000 	C:\Program Files\MATLAB\R2012b\bin\win64\mwoles05.DLL
0x00000000554b0000 - 0x000000005552d000 	C:\Program Files\MATLAB\R2012b\bin\win64\comcli.dll
0x0000000069810000 - 0x000000006983f000 	C:\Windows\WinSxS\amd64_microsoft.vc90.atl_1fc8b3b9a1e18e3b_9.0.30729.6161_none_0a1fd3a3a768b895\ATL90.DLL
0x000000005c7e0000 - 0x000000005c7ec000 	C:\Program Files\MATLAB\R2012b\bin\win64\mlautoregister.dll
0x000007fefe590000 - 0x000007fefe5be000 	C:\Windows\system32\IMM32.DLL
0x000007fefe2b0000 - 0x000007fefe3b9000 	C:\Windows\system32\MSCTF.dll
0x000007fefb290000 - 0x000007fefb2e6000 	C:\Windows\system32\UxTheme.dll
0x000007fefb2f0000 - 0x000007fefb308000 	C:\Windows\system32\dwmapi.dll
0x0000000078870000 - 0x0000000078ecd000 	C:\Program Files\MATLAB\R2012b\sys\java\jre\win64\jre\bin\server\jvm.dll
0x000007fefaaf0000 - 0x000007fefab2b000 	C:\Windows\system32\WINMM.dll
0x000007fefcb90000 - 0x000007fefcb9f000 	C:\Windows\system32\profapi.dll
0x000007fefaa40000 - 0x000007fefaa55000 	C:\Windows\system32\NLAapi.dll
0x000007feec5f0000 - 0x000007feec605000 	C:\Windows\system32\napinsp.dll
0x000007feec5d0000 - 0x000007feec5e9000 	C:\Windows\system32\pnrpnsp.dll
0x000007fefc360000 - 0x000007fefc3b5000 	C:\Windows\System32\mswsock.dll
0x000007fefc1e0000 - 0x000007fefc23b000 	C:\Windows\system32\DNSAPI.dll
0x000007feec5c0000 - 0x000007feec5cb000 	C:\Windows\System32\winrnr.dll
0x000007fef7ea0000 - 0x000007fef7ece000 	C:\Program Files\Common Files\Microsoft Shared\Windows Live\WLIDNSP.DLL
0x000007fef4760000 - 0x000007fef4770000 	C:\Windows\system32\wshbth.dll

VM Arguments:
jvm_args: -Xss512k -XX:PermSize=32m -Xms64m -XX:NewRatio=3 -XX:MaxPermSize=128m -Xmx196m -XX:MaxDirectMemorySize=2147400000 -Dsun.java2d.noddraw=true -Dsun.awt.nopixfmt=true -Xshare:off -Xrs -Dsun.awt.disableMixing=true -Djava.library.path=C:\Program Files\MATLAB\R2012b\bin\win64;C:\Program Files\MATLAB\R2012b\sys\jxbrowser\win64\lib vfprintf abort 
java_command: <unknown>
Launcher Type: generic

Environment Variables:
PATH=C:\ProgramData\Oracle\Java\javapath;C:\Program Files (x86)\PC Connectivity Solution\;C:\Program Files\Common Files\Microsoft Shared\Windows Live;C:\Program Files (x86)\Common Files\Microsoft Shared\Windows Live;C:\Windows\system32;C:\Windows;C:\Windows\System32\Wbem;C:\Windows\System32\WindowsPowerShell\v1.0\;C:\Program Files (x86)\Sony\VAIO Startup Setting Tool;C:\Program Files (x86)\Windows Live\Shared;C:\Program Files (x86)\Microchip\MPLAB C32 Suite\bin;C:\Program Files\Internet Explorer;C:\Program Files\MATLAB\R2012b\runtime\win64;C:\Program Files\MATLAB\R2012b\bin;C:\Windows\SysWOW64;C:\Program Files (x86)\QuickTime\QTSystem\;C:\Program Files (x86)\Skype\Phone\;C:\Program Files (x86)\Schneider Electric\Vijeo-Designer\Vijeo-Runtime\Public\bin\;C:\Program Files\MiKTeX 2.9\miktex\bin\x64\;C:\Program Files (x86)\Schneider Electric\SoMachine Software\Tools\ConfigurationManager\;C:\Program Files (x86)\Common Files\Schneider Electric Shared\DTM_AdvantysOTB\Bin;C:\Program Files (x86)\Microchip\mplabc18\v3.40\mpasm;C:\Program Files (x86)\Microchip\mplabc18\v3.40\bin;C:\Program Files (x86)\Microchip\MPLAB C30\bin
USERNAME=Josias
OS=Windows_NT
PROCESSOR_IDENTIFIER=Intel64 Family 6 Model 42 Stepping 7, GenuineIntel



---------------  S Y S T E M  ---------------

OS: Windows 7 Build 7601 Service Pack 1

CPU:total 4 (8 cores per cpu, 2 threads per core) family 6 model 42 stepping 7, cmov, cx8, fxsr, mmx, sse, sse2, sse3, ssse3, sse4.1, sse4.2, ht

Memory: 4k page, physical 4140912k(1804272k free), swap 8279964k(4855336k free)

vm_info: Java HotSpot(TM) 64-Bit Server VM (14.3-b01) for windows-amd64 JRE (1.6.0_17-b04), built on Oct 11 2009 00:46:08 by "java_re" with MS VC++ 8.0

time: Fri Dec 16 14:47:38 2016
elapsed time: 1294 seconds

